<?xml version="1.0" encoding="UTF-8"?>
<testsuite xmlns:xsi="http://www.w3.org/2001/XMLSchema-instance" xsi:noNamespaceSchemaLocation="https://maven.apache.org/surefire/maven-surefire-plugin/xsd/surefire-test-report.xsd" name="TestGetCircleSquare" time="0.081" tests="4" errors="0" skipped="0" failures="0">
  <properties>
[...]
</properties>
  <testcase name="testGetCircleSquareWithPositiveIntegerNumber" classname="TestGetCircleSquare" time="0.054"/>
  <testcase name="testGetCircleSquareWithPositiveFractionalNumber" classname="TestGetCircleSquare" time="0.001"/>
  <testcase name="testGetCircleSquareWithNegativeIntegerNumber" classname="TestGetCircleSquare" time="0"/>
  <testcase name="testGetCircleSquareWithZero" classname="TestGetCircleSquare" time="0.001"/>
</testsuite>